#
# There is insufficient memory for the Java Runtime Environment to continue.
# Native memory allocation (malloc) failed to allocate 1052016 bytes for Chunk::new
# Possible reasons:
#   The system is out of physical RAM or swap space
#   The process is running with CompressedOops enabled, and the Java Heap may be blocking the growth of the native heap
# Possible solutions:
#   Reduce memory load on the system
#   Increase physical memory or swap space
#   Check if swap backing store is full
#   Decrease Java heap size (-Xmx/-Xms)
#   Decrease number of Java threads
#   Decrease Java thread stack sizes (-Xss)
#   Set larger code cache with -XX:ReservedCodeCacheSize=
#   JVM is running with Unscaled Compressed Oops mode in which the Java heap is
#     placed in the first 4GB address space. The Java Heap base address is the
#     maximum limit for the native heap growth. Please use -XX:HeapBaseMinAddress
#     to set the Java Heap base and to place the Java Heap above 4GB virtual address.
# This output file may be truncated or incomplete.
#
#  Out of Memory Error (./src/hotspot/share/memory/arena.cpp:197), pid=22040, tid=15336
#
# JRE version: OpenJDK Runtime Environment (11.0.10) (build 11.0.10+0-b96-7249189)
# Java VM: OpenJDK 64-Bit Server VM (11.0.10+0-b96-7249189, mixed mode, tiered, compressed oops, g1 gc, windows-amd64)
# No core dump will be written. Minidumps are not enabled by default on client versions of Windows
#

---------------  S U M M A R Y ------------

Command Line: --add-opens=java.base/java.util=ALL-UNNAMED --add-opens=java.base/java.lang=ALL-UNNAMED --add-opens=java.base/java.lang.invoke=ALL-UNNAMED --add-opens=java.base/java.util=ALL-UNNAMED --add-opens=java.prefs/java.util.prefs=ALL-UNNAMED --add-opens=java.prefs/java.util.prefs=ALL-UNNAMED --add-opens=java.base/java.nio.charset=ALL-UNNAMED --add-opens=java.base/java.net=ALL-UNNAMED --add-opens=java.base/java.util.concurrent.atomic=ALL-UNNAMED -Xmx2048m -Dfile.encoding=UTF-8 -Duser.country=CN -Duser.language=zh -Duser.variant org.gradle.launcher.daemon.bootstrap.GradleDaemon 7.0.2

Host: Intel(R) Core(TM) i7-8565U CPU @ 1.80GHz, 8 cores, 7G,  Windows 10 , 64 bit Build 19041 (10.0.19041.1348)
Time: Thu Dec 23 11:06:55 2021 中国标准时间 elapsed time: 35.061220 seconds (0d 0h 0m 35s)

---------------  T H R E A D  ---------------

Current thread (0x000001dace81b800):  JavaThread "C2 CompilerThread0" daemon [_thread_in_native, id=15336, stack(0x0000002bfb700000,0x0000002bfb800000)]


Current CompileTask:
C2:  35061 10223       4       java.lang.invoke.MethodType::makeImpl (108 bytes)

Stack: [0x0000002bfb700000,0x0000002bfb800000]
Native frames: (J=compiled Java code, j=interpreted, Vv=VM code, C=native code)
V  [jvm.dll+0x5ecfaa]
V  [jvm.dll+0x722bd5]
V  [jvm.dll+0x72412d]
V  [jvm.dll+0x7247e3]
V  [jvm.dll+0x242928]
V  [jvm.dll+0xbc4fc]
V  [jvm.dll+0xbca0c]
V  [jvm.dll+0x352d3b]
V  [jvm.dll+0x19800c]
V  [jvm.dll+0x1fb70e]
V  [jvm.dll+0x1fa7f4]
V  [jvm.dll+0x18354c]
V  [jvm.dll+0x208ee7]
V  [jvm.dll+0x207731]
V  [jvm.dll+0x6eb1cf]
V  [jvm.dll+0x6e3d45]
V  [jvm.dll+0x5ebe96]
C  [ucrtbase.dll+0x21bb2]
C  [KERNEL32.DLL+0x17034]
C  [ntdll.dll+0x52651]


---------------  P R O C E S S  ---------------

Threads class SMR info:
_java_thread_list=0x000001dad9378240, length=63, elements={
0x000001dab437a800, 0x000001dace7f0800, 0x000001dace7fb800, 0x000001dace80a800,
0x000001dace80c000, 0x000001dace80d000, 0x000001dace81b800, 0x000001dace825800,
0x000001dace82e000, 0x000001dacf208800, 0x000001dad09cd800, 0x000001dad084b800,
0x000001dad16ea000, 0x000001dad0014800, 0x000001dacff2e000, 0x000001dad094d000,
0x000001dacfe37800, 0x000001dad0163000, 0x000001dad0167000, 0x000001dacffdf800,
0x000001dacffe3000, 0x000001dacffdf000, 0x000001dacffe0800, 0x000001dacffe1800,
0x000001dacffe3800, 0x000001dacffe2000, 0x000001dacffde000, 0x000001dacffe4800,
0x000001dad34f4000, 0x000001dad34f6000, 0x000001dad34f5000, 0x000001dad34fa000,
0x000001dad34fc800, 0x000001dad34fd000, 0x000001dad34fe000, 0x000001dad34fb800,
0x000001dad34f8800, 0x000001dad34ff000, 0x000001dad3501000, 0x000001dad3503000,
0x000001dad3500800, 0x000001dad34ff800, 0x000001dad3502000, 0x000001dad1f98800,
0x000001dad1f95800, 0x000001dad1f98000, 0x000001dad1f99800, 0x000001dad1f97000,
0x000001dad1f9a800, 0x000001dad1f96000, 0x000001dad1f9d800, 0x000001dad1fa0000,
0x000001dad1f9e800, 0x000001dad1fa1000, 0x000001dad1f9f000, 0x000001dad1f9b000,
0x000001dad1fa1800, 0x000001dad1f9c000, 0x000001dad1fa2800, 0x000001dad1f9d000,
0x000001dad1fa3800, 0x000001dad31f5000, 0x000001dad31f6000
}

Java Threads: ( => current thread )
  0x000001dab437a800 JavaThread "main" [_thread_blocked, id=19076, stack(0x0000002bfab00000,0x0000002bfac00000)]
  0x000001dace7f0800 JavaThread "Reference Handler" daemon [_thread_blocked, id=12076, stack(0x0000002bfb200000,0x0000002bfb300000)]
  0x000001dace7fb800 JavaThread "Finalizer" daemon [_thread_blocked, id=1528, stack(0x0000002bfb300000,0x0000002bfb400000)]
  0x000001dace80a800 JavaThread "Signal Dispatcher" daemon [_thread_blocked, id=11304, stack(0x0000002bfb400000,0x0000002bfb500000)]
  0x000001dace80c000 JavaThread "Attach Listener" daemon [_thread_blocked, id=18784, stack(0x0000002bfb500000,0x0000002bfb600000)]
  0x000001dace80d000 JavaThread "Service Thread" daemon [_thread_blocked, id=22400, stack(0x0000002bfb600000,0x0000002bfb700000)]
=>0x000001dace81b800 JavaThread "C2 CompilerThread0" daemon [_thread_in_native, id=15336, stack(0x0000002bfb700000,0x0000002bfb800000)]
  0x000001dace825800 JavaThread "C1 CompilerThread0" daemon [_thread_blocked, id=17244, stack(0x0000002bfb800000,0x0000002bfb900000)]
  0x000001dace82e000 JavaThread "Sweeper thread" daemon [_thread_blocked, id=8360, stack(0x0000002bfb900000,0x0000002bfba00000)]
  0x000001dacf208800 JavaThread "Common-Cleaner" daemon [_thread_blocked, id=23200, stack(0x0000002bfba00000,0x0000002bfbb00000)]
  0x000001dad09cd800 JavaThread "Daemon health stats" [_thread_blocked, id=10480, stack(0x0000002bfbe00000,0x0000002bfbf00000)]
  0x000001dad084b800 JavaThread "Incoming local TCP Connector on port 14335" [_thread_in_native, id=14140, stack(0x0000002bfbf00000,0x0000002bfc000000)]
  0x000001dad16ea000 JavaThread "Daemon periodic checks" [_thread_blocked, id=15400, stack(0x0000002bfc000000,0x0000002bfc100000)]
  0x000001dad0014800 JavaThread "Daemon" [_thread_blocked, id=15748, stack(0x0000002bfc100000,0x0000002bfc200000)]
  0x000001dacff2e000 JavaThread "Handler for socket connection from /127.0.0.1:14335 to /127.0.0.1:14337" [_thread_in_native, id=16860, stack(0x0000002bfc200000,0x0000002bfc300000)]
  0x000001dad094d000 JavaThread "Cancel handler" [_thread_blocked, id=9704, stack(0x0000002bfc800000,0x0000002bfc900000)]
  0x000001dacfe37800 JavaThread "Daemon worker" [_thread_blocked, id=15492, stack(0x0000002bfc900000,0x0000002bfca00000)]
  0x000001dad0163000 JavaThread "Asynchronous log dispatcher for DefaultDaemonConnection: socket connection from /127.0.0.1:14335 to /127.0.0.1:14337" [_thread_blocked, id=2208, stack(0x0000002bfca00000,0x0000002bfcb00000)]
  0x000001dad0167000 JavaThread "Stdin handler" [_thread_blocked, id=4496, stack(0x0000002bfcb00000,0x0000002bfcc00000)]
  0x000001dacffdf800 JavaThread "Daemon client event forwarder" [_thread_blocked, id=12996, stack(0x0000002bfcc00000,0x0000002bfcd00000)]
  0x000001dacffe3000 JavaThread "Cache worker for file hash cache (C:\Users\18372\.gradle\wrapper\dists\caches\7.0.2\fileHashes)" [_thread_blocked, id=6852, stack(0x0000002bfcd00000,0x0000002bfce00000)]
  0x000001dacffdf000 JavaThread "File lock request listener" [_thread_in_native, id=22844, stack(0x0000002bfce00000,0x0000002bfcf00000)]
  0x000001dacffe0800 JavaThread "Cache worker for journal cache (C:\Users\18372\.gradle\wrapper\dists\caches\journal-1)" [_thread_blocked, id=8224, stack(0x0000002bfd000000,0x0000002bfd100000)]
  0x000001dacffe1800 JavaThread "Cache worker for file hash cache (D:\Course_SoftwareEngineering\BookTrace\.gradle\7.0.2\fileHashes)" [_thread_blocked, id=7020, stack(0x0000002bfd100000,0x0000002bfd200000)]
  0x000001dacffe3800 JavaThread "File watcher server" daemon [_thread_in_native, id=3060, stack(0x0000002bfd200000,0x0000002bfd300000)]
  0x000001dacffe2000 JavaThread "File watcher consumer" daemon [_thread_blocked, id=19192, stack(0x0000002bfd300000,0x0000002bfd400000)]
  0x000001dacffde000 JavaThread "Cache worker for checksums cache (D:\Course_SoftwareEngineering\BookTrace\.gradle\checksums)" [_thread_blocked, id=9776, stack(0x0000002bfd400000,0x0000002bfd500000)]
  0x000001dacffe4800 JavaThread "Cache worker for cache directory md-supplier (C:\Users\18372\.gradle\wrapper\dists\caches\7.0.2\md-supplier)" [_thread_blocked, id=284, stack(0x0000002bfd500000,0x0000002bfd600000)]
  0x000001dad34f4000 JavaThread "Cache worker for cache directory md-rule (C:\Users\18372\.gradle\wrapper\dists\caches\7.0.2\md-rule)" [_thread_blocked, id=19824, stack(0x0000002bfd600000,0x0000002bfd700000)]
  0x000001dad34f6000 JavaThread "Cache worker for execution history cache (C:\Users\18372\.gradle\wrapper\dists\caches\7.0.2\executionHistory)" [_thread_blocked, id=13328, stack(0x0000002bfd700000,0x0000002bfd800000)]
  0x000001dad34f5000 JavaThread "jar transforms" [_thread_blocked, id=21520, stack(0x0000002bfd800000,0x0000002bfd900000)]
  0x000001dad34fa000 JavaThread "jar transforms Thread 2" [_thread_blocked, id=7508, stack(0x0000002bfd900000,0x0000002bfda00000)]
  0x000001dad34fc800 JavaThread "Cache worker for file content cache (C:\Users\18372\.gradle\wrapper\dists\caches\7.0.2\fileContent)" [_thread_blocked, id=11916, stack(0x0000002bfda00000,0x0000002bfdb00000)]
  0x000001dad34fd000 JavaThread "Cache worker for dependencies-accessors (D:\Course_SoftwareEngineering\BookTrace\.gradle\7.0.2\dependencies-accessors)" [_thread_blocked, id=19116, stack(0x0000002bfdb00000,0x0000002bfdc00000)]
  0x000001dad34fe000 JavaThread "jar transforms Thread 3" [_thread_blocked, id=21716, stack(0x0000002bfdc00000,0x0000002bfdd00000)]
  0x000001dad34fb800 JavaThread "Cache worker for Build Output Cleanup Cache (D:\Course_SoftwareEngineering\BookTrace\.gradle\buildOutputCleanup)" [_thread_blocked, id=7772, stack(0x0000002bfdd00000,0x0000002bfde00000)]
  0x000001dad34f8800 JavaThread "Build operations" [_thread_blocked, id=1320, stack(0x0000002bfde00000,0x0000002bfdf00000)]
  0x000001dad34ff000 JavaThread "Build operations Thread 2" [_thread_blocked, id=18072, stack(0x0000002bfdf00000,0x0000002bfe000000)]
  0x000001dad3501000 JavaThread "Build operations Thread 3" [_thread_blocked, id=9452, stack(0x0000002bfe000000,0x0000002bfe100000)]
  0x000001dad3503000 JavaThread "Build operations Thread 4" [_thread_blocked, id=18732, stack(0x0000002bfe100000,0x0000002bfe200000)]
  0x000001dad3500800 JavaThread "Build operations Thread 5" [_thread_blocked, id=3164, stack(0x0000002bfe200000,0x0000002bfe300000)]
  0x000001dad34ff800 JavaThread "Build operations Thread 6" [_thread_blocked, id=17544, stack(0x0000002bfe300000,0x0000002bfe400000)]
  0x000001dad3502000 JavaThread "Build operations Thread 7" [_thread_blocked, id=11572, stack(0x0000002bfe400000,0x0000002bfe500000)]
  0x000001dad1f98800 JavaThread "Build operations Thread 8" [_thread_blocked, id=12244, stack(0x0000002bfe500000,0x0000002bfe600000)]
  0x000001dad1f95800 JavaThread "jar transforms Thread 4" [_thread_blocked, id=16068, stack(0x0000002bfe600000,0x0000002bfe700000)]
  0x000001dad1f98000 JavaThread "jar transforms Thread 5" [_thread_blocked, id=17224, stack(0x0000002bfe700000,0x0000002bfe800000)]
  0x000001dad1f99800 JavaThread "jar transforms Thread 6" [_thread_blocked, id=20476, stack(0x0000002bfe800000,0x0000002bfe900000)]
  0x000001dad1f97000 JavaThread "jar transforms Thread 7" [_thread_blocked, id=6352, stack(0x0000002bfe900000,0x0000002bfea00000)]
  0x000001dad1f9a800 JavaThread "jar transforms Thread 8" [_thread_blocked, id=11596, stack(0x0000002bfea00000,0x0000002bfeb00000)]
  0x000001dad1f96000 JavaThread "Memory manager" [_thread_blocked, id=15124, stack(0x0000002bfeb00000,0x0000002bfec00000)]
  0x000001dad1f9d800 JavaThread "build event listener" [_thread_blocked, id=2232, stack(0x0000002bfec00000,0x0000002bfed00000)]
  0x000001dad1fa0000 JavaThread "Execution worker for ':'" [_thread_blocked, id=17996, stack(0x0000002bfed00000,0x0000002bfee00000)]
  0x000001dad1f9e800 JavaThread "Execution worker for ':' Thread 2" [_thread_blocked, id=18540, stack(0x0000002bfee00000,0x0000002bfef00000)]
  0x000001dad1fa1000 JavaThread "Execution worker for ':' Thread 3" [_thread_blocked, id=5428, stack(0x0000002bfef00000,0x0000002bff000000)]
  0x000001dad1f9f000 JavaThread "Execution worker for ':' Thread 4" [_thread_blocked, id=10424, stack(0x0000002bff000000,0x0000002bff100000)]
  0x000001dad1f9b000 JavaThread "Execution worker for ':' Thread 5" [_thread_blocked, id=5944, stack(0x0000002bff100000,0x0000002bff200000)]
  0x000001dad1fa1800 JavaThread "Execution worker for ':' Thread 6" [_thread_blocked, id=22996, stack(0x0000002bff200000,0x0000002bff300000)]
  0x000001dad1f9c000 JavaThread "Execution worker for ':' Thread 7" [_thread_blocked, id=11536, stack(0x0000002bff300000,0x0000002bff400000)]
  0x000001dad1fa2800 JavaThread "Cache worker for execution history cache (D:\Course_SoftwareEngineering\BookTrace\.gradle\7.0.2\executionHistory)" [_thread_blocked, id=15584, stack(0x0000002bff400000,0x0000002bff500000)]
  0x000001dad1f9d000 JavaThread "WorkerExecutor Queue" [_thread_blocked, id=20304, stack(0x0000002bff500000,0x0000002bff600000)]
  0x000001dad1fa3800 JavaThread "pool-3-thread-1" [_thread_blocked, id=19340, stack(0x0000002bff600000,0x0000002bff700000)]
  0x000001dad31f5000 JavaThread "stderr" [_thread_in_native, id=13592, stack(0x0000002bff700000,0x0000002bff800000)]
  0x000001dad31f6000 JavaThread "stdout" [_thread_in_native, id=6880, stack(0x0000002bff800000,0x0000002bff900000)]

Other Threads:
  0x000001dace7ee000 VMThread "VM Thread" [stack: 0x0000002bfb100000,0x0000002bfb200000] [id=19328]
  0x000001dacf21c800 WatcherThread [stack: 0x0000002bfbb00000,0x0000002bfbc00000] [id=11696]
  0x000001dab4395800 GCTaskThread "GC Thread#0" [stack: 0x0000002bfac00000,0x0000002bfad00000] [id=9404]
  0x000001dacf41b800 GCTaskThread "GC Thread#1" [stack: 0x0000002bfbc00000,0x0000002bfbd00000] [id=12396]
  0x000001dacf45e000 GCTaskThread "GC Thread#2" [stack: 0x0000002bfbd00000,0x0000002bfbe00000] [id=19060]
  0x000001dacff31000 GCTaskThread "GC Thread#3" [stack: 0x0000002bfc300000,0x0000002bfc400000] [id=4988]
  0x000001dacff31800 GCTaskThread "GC Thread#4" [stack: 0x0000002bfc400000,0x0000002bfc500000] [id=11772]
  0x000001dacff32000 GCTaskThread "GC Thread#5" [stack: 0x0000002bfc500000,0x0000002bfc600000] [id=2584]
  0x000001dacff33000 GCTaskThread "GC Thread#6" [stack: 0x0000002bfc600000,0x0000002bfc700000] [id=6896]
  0x000001dacff33800 GCTaskThread "GC Thread#7" [stack: 0x0000002bfc700000,0x0000002bfc800000] [id=1676]
  0x000001dab43c8000 ConcurrentGCThread "G1 Main Marker" [stack: 0x0000002bfad00000,0x0000002bfae00000] [id=892]
  0x000001dab43c9000 ConcurrentGCThread "G1 Conc#0" [stack: 0x0000002bfae00000,0x0000002bfaf00000] [id=12028]
  0x000001dacf358800 ConcurrentGCThread "G1 Conc#1" [stack: 0x0000002bfcf00000,0x0000002bfd000000] [id=6784]
  0x000001dace640800 ConcurrentGCThread "G1 Refine#0" [stack: 0x0000002bfaf00000,0x0000002bfb000000] [id=612]
  0x000001dace641800 ConcurrentGCThread "G1 Young RemSet Sampling" [stack: 0x0000002bfb000000,0x0000002bfb100000] [id=18488]

Threads with active compile tasks:
C2 CompilerThread0  35122 10223       4       java.lang.invoke.MethodType::makeImpl (108 bytes)

VM state:not at safepoint (normal execution)

VM Mutex/Monitor currently owned by a thread: None

Heap address: 0x0000000080000000, size: 2048 MB, Compressed Oops mode: 32-bit
Narrow klass base: 0x0000000000000000, Narrow klass shift: 3
Compressed class space size: 1073741824 Address: 0x0000000100000000

Heap:
 garbage-first heap   total 129024K, used 89315K [0x0000000080000000, 0x0000000100000000)
  region size 1024K, 22 young (22528K), 5 survivors (5120K)
 Metaspace       used 84828K, capacity 86923K, committed 87372K, reserved 1124352K
  class space    used 10946K, capacity 11688K, committed 11852K, reserved 1048576K
Heap Regions: E=young(eden), S=young(survivor), O=old, HS=humongous(starts), HC=humongous(continues), CS=collection set, F=free, A=archive, TAMS=top-at-mark-start (previous, next)
|   0|0x0000000080000000, 0x0000000080100000, 0x0000000080100000|100%| O|  |TAMS 0x0000000080100000, 0x0000000080000000| Untracked 
|   1|0x0000000080100000, 0x0000000080200000, 0x0000000080200000|100%| O|  |TAMS 0x0000000080200000, 0x0000000080100000| Untracked 
|   2|0x0000000080200000, 0x0000000080300000, 0x0000000080300000|100%| O|  |TAMS 0x0000000080300000, 0x0000000080200000| Untracked 
|   3|0x0000000080300000, 0x0000000080400000, 0x0000000080400000|100%|HS|  |TAMS 0x0000000080400000, 0x0000000080300000| Complete 
|   4|0x0000000080400000, 0x0000000080500000, 0x0000000080500000|100%|HC|  |TAMS 0x0000000080500000, 0x0000000080400000| Complete 
|   5|0x0000000080500000, 0x0000000080600000, 0x0000000080600000|100%|HC|  |TAMS 0x0000000080600000, 0x0000000080500000| Complete 
|   6|0x0000000080600000, 0x0000000080700000, 0x0000000080700000|100%| O|  |TAMS 0x0000000080700000, 0x0000000080600000| Untracked 
|   7|0x0000000080700000, 0x0000000080800000, 0x0000000080800000|100%| O|  |TAMS 0x0000000080800000, 0x0000000080700000| Untracked 
|   8|0x0000000080800000, 0x0000000080900000, 0x0000000080900000|100%| O|  |TAMS 0x0000000080900000, 0x0000000080800000| Untracked 
|   9|0x0000000080900000, 0x0000000080a00000, 0x0000000080a00000|100%| O|  |TAMS 0x0000000080a00000, 0x0000000080900000| Untracked 
|  10|0x0000000080a00000, 0x0000000080b00000, 0x0000000080b00000|100%| O|  |TAMS 0x0000000080b00000, 0x0000000080a00000| Untracked 
|  11|0x0000000080b00000, 0x0000000080c00000, 0x0000000080c00000|100%| O|  |TAMS 0x0000000080c00000, 0x0000000080b00000| Untracked 
|  12|0x0000000080c00000, 0x0000000080d00000, 0x0000000080d00000|100%| O|  |TAMS 0x0000000080d00000, 0x0000000080c00000| Untracked 
|  13|0x0000000080d00000, 0x0000000080e00000, 0x0000000080e00000|100%| O|  |TAMS 0x0000000080e00000, 0x0000000080d00000| Untracked 
|  14|0x0000000080e00000, 0x0000000080f00000, 0x0000000080f00000|100%| O|  |TAMS 0x0000000080f00000, 0x0000000080e00000| Untracked 
|  15|0x0000000080f00000, 0x0000000081000000, 0x0000000081000000|100%| O|  |TAMS 0x0000000081000000, 0x0000000080f00000| Untracked 
|  16|0x0000000081000000, 0x0000000081100000, 0x0000000081100000|100%|HS|  |TAMS 0x0000000081100000, 0x0000000081000000| Complete 
|  17|0x0000000081100000, 0x0000000081200000, 0x0000000081200000|100%| O|  |TAMS 0x0000000081200000, 0x0000000081100000| Untracked 
|  18|0x0000000081200000, 0x0000000081300000, 0x0000000081300000|100%| O|  |TAMS 0x0000000081300000, 0x0000000081200000| Untracked 
|  19|0x0000000081300000, 0x0000000081400000, 0x0000000081400000|100%| O|  |TAMS 0x0000000081400000, 0x0000000081300000| Untracked 
|  20|0x0000000081400000, 0x0000000081500000, 0x0000000081500000|100%| O|  |TAMS 0x0000000081500000, 0x0000000081400000| Untracked 
|  21|0x0000000081500000, 0x0000000081600000, 0x0000000081600000|100%| O|  |TAMS 0x0000000081600000, 0x0000000081500000| Untracked 
|  22|0x0000000081600000, 0x0000000081700000, 0x0000000081700000|100%| O|  |TAMS 0x0000000081700000, 0x0000000081600000| Untracked 
|  23|0x0000000081700000, 0x0000000081800000, 0x0000000081800000|100%| O|  |TAMS 0x0000000081800000, 0x0000000081700000| Untracked 
|  24|0x0000000081800000, 0x0000000081900000, 0x0000000081900000|100%| O|  |TAMS 0x0000000081900000, 0x0000000081800000| Untracked 
|  25|0x0000000081900000, 0x0000000081a00000, 0x0000000081a00000|100%| O|  |TAMS 0x0000000081a00000, 0x0000000081900000| Untracked 
|  26|0x0000000081a00000, 0x0000000081b00000, 0x0000000081b00000|100%| O|  |TAMS 0x0000000081b00000, 0x0000000081a00000| Untracked 
|  27|0x0000000081b00000, 0x0000000081c00000, 0x0000000081c00000|100%|HS|  |TAMS 0x0000000081c00000, 0x0000000081b00000| Complete 
|  28|0x0000000081c00000, 0x0000000081d00000, 0x0000000081d00000|100%|HS|  |TAMS 0x0000000081d00000, 0x0000000081c00000| Complete 
|  29|0x0000000081d00000, 0x0000000081e00000, 0x0000000081e00000|100%|HC|  |TAMS 0x0000000081e00000, 0x0000000081d00000| Complete 
|  30|0x0000000081e00000, 0x0000000081f00000, 0x0000000081f00000|100%| O|  |TAMS 0x0000000081f00000, 0x0000000081e00000| Untracked 
|  31|0x0000000081f00000, 0x0000000082000000, 0x0000000082000000|100%| O|  |TAMS 0x0000000082000000, 0x0000000081f00000| Untracked 
|  32|0x0000000082000000, 0x0000000082100000, 0x0000000082100000|100%| O|  |TAMS 0x0000000082100000, 0x0000000082000000| Untracked 
|  33|0x0000000082100000, 0x0000000082200000, 0x0000000082200000|100%| O|  |TAMS 0x0000000082200000, 0x0000000082100000| Untracked 
|  34|0x0000000082200000, 0x0000000082300000, 0x0000000082300000|100%| O|  |TAMS 0x0000000082300000, 0x0000000082200000| Untracked 
|  35|0x0000000082300000, 0x0000000082400000, 0x0000000082400000|100%| O|  |TAMS 0x0000000082400000, 0x0000000082300000| Untracked 
|  36|0x0000000082400000, 0x0000000082500000, 0x0000000082500000|100%| O|  |TAMS 0x0000000082500000, 0x0000000082400000| Untracked 
|  37|0x0000000082500000, 0x0000000082600000, 0x0000000082600000|100%| O|  |TAMS 0x0000000082600000, 0x0000000082500000| Untracked 
|  38|0x0000000082600000, 0x0000000082700000, 0x0000000082700000|100%| O|  |TAMS 0x0000000082700000, 0x0000000082600000| Untracked 
|  39|0x0000000082700000, 0x0000000082800000, 0x0000000082800000|100%| O|  |TAMS 0x0000000082800000, 0x0000000082700000| Untracked 
|  40|0x0000000082800000, 0x0000000082900000, 0x0000000082900000|100%| O|  |TAMS 0x0000000082900000, 0x0000000082800000| Untracked 
|  41|0x0000000082900000, 0x0000000082a00000, 0x0000000082a00000|100%| O|  |TAMS 0x0000000082a00000, 0x0000000082900000| Untracked 
|  42|0x0000000082a00000, 0x0000000082b00000, 0x0000000082b00000|100%| O|  |TAMS 0x0000000082b00000, 0x0000000082a00000| Untracked 
|  43|0x0000000082b00000, 0x0000000082c00000, 0x0000000082c00000|100%| O|  |TAMS 0x0000000082c00000, 0x0000000082b00000| Untracked 
|  44|0x0000000082c00000, 0x0000000082d00000, 0x0000000082d00000|100%| O|  |TAMS 0x0000000082d00000, 0x0000000082c00000| Untracked 
|  45|0x0000000082d00000, 0x0000000082e00000, 0x0000000082e00000|100%| O|  |TAMS 0x0000000082e00000, 0x0000000082d00000| Untracked 
|  46|0x0000000082e00000, 0x0000000082f00000, 0x0000000082f00000|100%| O|  |TAMS 0x0000000082f00000, 0x0000000082e00000| Untracked 
|  47|0x0000000082f00000, 0x0000000083000000, 0x0000000083000000|100%| O|  |TAMS 0x0000000083000000, 0x0000000082f00000| Untracked 
|  48|0x0000000083000000, 0x0000000083100000, 0x0000000083100000|100%| O|  |TAMS 0x0000000083100000, 0x0000000083000000| Untracked 
|  49|0x0000000083100000, 0x0000000083200000, 0x0000000083200000|100%| O|  |TAMS 0x0000000083200000, 0x0000000083100000| Untracked 
|  50|0x0000000083200000, 0x0000000083300000, 0x0000000083300000|100%| O|  |TAMS 0x0000000083300000, 0x0000000083200000| Untracked 
|  51|0x0000000083300000, 0x0000000083400000, 0x0000000083400000|100%| O|  |TAMS 0x0000000083400000, 0x0000000083300000| Untracked 
|  52|0x0000000083400000, 0x0000000083500000, 0x0000000083500000|100%| O|  |TAMS 0x0000000083500000, 0x0000000083400000| Untracked 
|  53|0x0000000083500000, 0x0000000083600000, 0x0000000083600000|100%| O|  |TAMS 0x0000000083600000, 0x0000000083500000| Untracked 
|  54|0x0000000083600000, 0x0000000083700000, 0x0000000083700000|100%| O|  |TAMS 0x0000000083700000, 0x0000000083600000| Untracked 
|  55|0x0000000083700000, 0x0000000083800000, 0x0000000083800000|100%| O|  |TAMS 0x0000000083800000, 0x0000000083700000| Untracked 
|  56|0x0000000083800000, 0x0000000083900000, 0x0000000083900000|100%| O|  |TAMS 0x0000000083900000, 0x0000000083800000| Untracked 
|  57|0x0000000083900000, 0x0000000083a00000, 0x0000000083a00000|100%| O|  |TAMS 0x0000000083a00000, 0x0000000083900000| Untracked 
|  58|0x0000000083a00000, 0x0000000083b00000, 0x0000000083b00000|100%| O|  |TAMS 0x0000000083b00000, 0x0000000083a00000| Untracked 
|  59|0x0000000083b00000, 0x0000000083c00000, 0x0000000083c00000|100%| O|  |TAMS 0x0000000083c00000, 0x0000000083b00000| Untracked 
|  60|0x0000000083c00000, 0x0000000083d00000, 0x0000000083d00000|100%| O|  |TAMS 0x0000000083d00000, 0x0000000083c00000| Untracked 
|  61|0x0000000083d00000, 0x0000000083e00000, 0x0000000083e00000|100%| O|  |TAMS 0x0000000083e00000, 0x0000000083d00000| Untracked 
|  62|0x0000000083e00000, 0x0000000083f00000, 0x0000000083f00000|100%| O|  |TAMS 0x0000000083f00000, 0x0000000083e00000| Untracked 
|  63|0x0000000083f00000, 0x0000000084000000, 0x0000000084000000|100%| O|  |TAMS 0x0000000084000000, 0x0000000083f00000| Untracked 
|  64|0x0000000084000000, 0x0000000084100000, 0x0000000084100000|100%| O|  |TAMS 0x0000000084100000, 0x0000000084000000| Untracked 
|  65|0x0000000084100000, 0x0000000084200000, 0x0000000084200000|100%| O|  |TAMS 0x0000000084200000, 0x0000000084100000| Untracked 
|  66|0x0000000084200000, 0x0000000084300000, 0x0000000084300000|100%| O|  |TAMS 0x0000000084300000, 0x0000000084200000| Untracked 
|  67|0x0000000084300000, 0x0000000084338e00, 0x0000000084400000| 22%| O|  |TAMS 0x0000000084338e00, 0x0000000084300000| Untracked 
|  68|0x0000000084400000, 0x0000000084400000, 0x0000000084500000|  0%| F|  |TAMS 0x0000000084400000, 0x0000000084400000| Untracked 
|  69|0x0000000084500000, 0x0000000084500000, 0x0000000084600000|  0%| F|  |TAMS 0x0000000084500000, 0x0000000084500000| Untracked 
|  70|0x0000000084600000, 0x0000000084600000, 0x0000000084700000|  0%| F|  |TAMS 0x0000000084600000, 0x0000000084600000| Untracked 
|  71|0x0000000084700000, 0x0000000084700000, 0x0000000084800000|  0%| F|  |TAMS 0x0000000084700000, 0x0000000084700000| Untracked 
|  72|0x0000000084800000, 0x0000000084800000, 0x0000000084900000|  0%| F|  |TAMS 0x0000000084800000, 0x0000000084800000| Untracked 
|  73|0x0000000084900000, 0x0000000084900000, 0x0000000084a00000|  0%| F|  |TAMS 0x0000000084900000, 0x0000000084900000| Untracked 
|  74|0x0000000084a00000, 0x0000000084a00000, 0x0000000084b00000|  0%| F|  |TAMS 0x0000000084a00000, 0x0000000084a00000| Untracked 
|  75|0x0000000084b00000, 0x0000000084b00000, 0x0000000084c00000|  0%| F|  |TAMS 0x0000000084b00000, 0x0000000084b00000| Untracked 
|  76|0x0000000084c00000, 0x0000000084c00000, 0x0000000084d00000|  0%| F|  |TAMS 0x0000000084c00000, 0x0000000084c00000| Untracked 
|  77|0x0000000084d00000, 0x0000000084d00000, 0x0000000084e00000|  0%| F|  |TAMS 0x0000000084d00000, 0x0000000084d00000| Untracked 
|  78|0x0000000084e00000, 0x0000000084e00000, 0x0000000084f00000|  0%| F|  |TAMS 0x0000000084e00000, 0x0000000084e00000| Untracked 
|  79|0x0000000084f00000, 0x0000000084f00000, 0x0000000085000000|  0%| F|  |TAMS 0x0000000084f00000, 0x0000000084f00000| Untracked 
|  80|0x0000000085000000, 0x0000000085000000, 0x0000000085100000|  0%| F|  |TAMS 0x0000000085000000, 0x0000000085000000| Untracked 
|  81|0x0000000085100000, 0x0000000085100000, 0x0000000085200000|  0%| F|  |TAMS 0x0000000085100000, 0x0000000085100000| Untracked 
|  82|0x0000000085200000, 0x0000000085300000, 0x0000000085300000|100%| S|CS|TAMS 0x0000000085200000, 0x0000000085200000| Complete 
|  83|0x0000000085300000, 0x0000000085400000, 0x0000000085400000|100%| S|CS|TAMS 0x0000000085300000, 0x0000000085300000| Complete 
|  84|0x0000000085400000, 0x0000000085500000, 0x0000000085500000|100%| S|CS|TAMS 0x0000000085400000, 0x0000000085400000| Complete 
|  85|0x0000000085500000, 0x0000000085600000, 0x0000000085600000|100%| S|CS|TAMS 0x0000000085500000, 0x0000000085500000| Complete 
|  86|0x0000000085600000, 0x0000000085700000, 0x0000000085700000|100%| S|CS|TAMS 0x0000000085600000, 0x0000000085600000| Complete 
|  87|0x0000000085700000, 0x0000000085700000, 0x0000000085800000|  0%| F|  |TAMS 0x0000000085700000, 0x0000000085700000| Untracked 
|  88|0x0000000085800000, 0x0000000085800000, 0x0000000085900000|  0%| F|  |TAMS 0x0000000085800000, 0x0000000085800000| Untracked 
|  89|0x0000000085900000, 0x0000000085900000, 0x0000000085a00000|  0%| F|  |TAMS 0x0000000085900000, 0x0000000085900000| Untracked 
|  90|0x0000000085a00000, 0x0000000085a00000, 0x0000000085b00000|  0%| F|  |TAMS 0x0000000085a00000, 0x0000000085a00000| Untracked 
|  91|0x0000000085b00000, 0x0000000085b00000, 0x0000000085c00000|  0%| F|  |TAMS 0x0000000085b00000, 0x0000000085b00000| Untracked 
|  92|0x0000000085c00000, 0x0000000085c00000, 0x0000000085d00000|  0%| F|  |TAMS 0x0000000085c00000, 0x0000000085c00000| Untracked 
|  93|0x0000000085d00000, 0x0000000085d00000, 0x0000000085e00000|  0%| F|  |TAMS 0x0000000085d00000, 0x0000000085d00000| Untracked 
|  94|0x0000000085e00000, 0x0000000085e00000, 0x0000000085f00000|  0%| F|  |TAMS 0x0000000085e00000, 0x0000000085e00000| Untracked 
|  95|0x0000000085f00000, 0x0000000085f00000, 0x0000000086000000|  0%| F|  |TAMS 0x0000000085f00000, 0x0000000085f00000| Untracked 
|  96|0x0000000086000000, 0x0000000086000000, 0x0000000086100000|  0%| F|  |TAMS 0x0000000086000000, 0x0000000086000000| Untracked 
|  97|0x0000000086100000, 0x0000000086100000, 0x0000000086200000|  0%| F|  |TAMS 0x0000000086100000, 0x0000000086100000| Untracked 
|  98|0x0000000086200000, 0x0000000086200000, 0x0000000086300000|  0%| F|  |TAMS 0x0000000086200000, 0x0000000086200000| Untracked 
|  99|0x0000000086300000, 0x0000000086300000, 0x0000000086400000|  0%| F|  |TAMS 0x0000000086300000, 0x0000000086300000| Untracked 
| 100|0x0000000086400000, 0x0000000086400000, 0x0000000086500000|  0%| F|  |TAMS 0x0000000086400000, 0x0000000086400000| Untracked 
| 101|0x0000000086500000, 0x0000000086500000, 0x0000000086600000|  0%| F|  |TAMS 0x0000000086500000, 0x0000000086500000| Untracked 
| 102|0x0000000086600000, 0x0000000086600000, 0x0000000086700000|  0%| F|  |TAMS 0x0000000086600000, 0x0000000086600000| Untracked 
| 103|0x0000000086700000, 0x0000000086700000, 0x0000000086800000|  0%| F|  |TAMS 0x0000000086700000, 0x0000000086700000| Untracked 
| 104|0x0000000086800000, 0x0000000086800000, 0x0000000086900000|  0%| F|  |TAMS 0x0000000086800000, 0x0000000086800000| Untracked 
| 105|0x0000000086900000, 0x0000000086900000, 0x0000000086a00000|  0%| F|  |TAMS 0x0000000086900000, 0x0000000086900000| Untracked 
| 106|0x0000000086a00000, 0x0000000086a00000, 0x0000000086b00000|  0%| F|  |TAMS 0x0000000086a00000, 0x0000000086a00000| Untracked 
| 107|0x0000000086b00000, 0x0000000086b00000, 0x0000000086c00000|  0%| F|  |TAMS 0x0000000086b00000, 0x0000000086b00000| Untracked 
| 108|0x0000000086c00000, 0x0000000086c00000, 0x0000000086d00000|  0%| F|  |TAMS 0x0000000086c00000, 0x0000000086c00000| Untracked 
| 109|0x0000000086d00000, 0x0000000086dcc840, 0x0000000086e00000| 79%| E|  |TAMS 0x0000000086d00000, 0x0000000086d00000| Complete 
| 110|0x0000000086e00000, 0x0000000086f00000, 0x0000000086f00000|100%| E|CS|TAMS 0x0000000086e00000, 0x0000000086e00000| Complete 
| 111|0x0000000086f00000, 0x0000000087000000, 0x0000000087000000|100%| E|CS|TAMS 0x0000000086f00000, 0x0000000086f00000| Complete 
| 112|0x0000000087000000, 0x0000000087100000, 0x0000000087100000|100%| E|CS|TAMS 0x0000000087000000, 0x0000000087000000| Complete 
| 113|0x0000000087100000, 0x0000000087200000, 0x0000000087200000|100%| E|  |TAMS 0x0000000087100000, 0x0000000087100000| Complete 
| 114|0x0000000087200000, 0x0000000087300000, 0x0000000087300000|100%| E|CS|TAMS 0x0000000087200000, 0x0000000087200000| Complete 
| 115|0x0000000087300000, 0x0000000087400000, 0x0000000087400000|100%| E|CS|TAMS 0x0000000087300000, 0x0000000087300000| Complete 
| 116|0x0000000087400000, 0x0000000087500000, 0x0000000087500000|100%| E|CS|TAMS 0x0000000087400000, 0x0000000087400000| Complete 
| 117|0x0000000087500000, 0x0000000087600000, 0x0000000087600000|100%| E|CS|TAMS 0x0000000087500000, 0x0000000087500000| Complete 
| 118|0x0000000087600000, 0x0000000087700000, 0x0000000087700000|100%| E|CS|TAMS 0x0000000087600000, 0x0000000087600000| Complete 
| 119|0x0000000087700000, 0x0000000087800000, 0x0000000087800000|100%| E|CS|TAMS 0x0000000087700000, 0x0000000087700000| Complete 
| 120|0x0000000087800000, 0x0000000087900000, 0x0000000087900000|100%| E|CS|TAMS 0x0000000087800000, 0x0000000087800000| Complete 
| 121|0x0000000087900000, 0x0000000087a00000, 0x0000000087a00000|100%| E|CS|TAMS 0x0000000087900000, 0x0000000087900000| Complete 
| 122|0x0000000087a00000, 0x0000000087b00000, 0x0000000087b00000|100%| E|CS|TAMS 0x0000000087a00000, 0x0000000087a00000| Complete 
| 123|0x0000000087b00000, 0x0000000087c00000, 0x0000000087c00000|100%| E|CS|TAMS 0x0000000087b00000, 0x0000000087b00000| Complete 
| 124|0x0000000087c00000, 0x0000000087d00000, 0x0000000087d00000|100%| E|CS|TAMS 0x0000000087c00000, 0x0000000087c00000| Complete 
| 125|0x0000000087d00000, 0x0000000087e00000, 0x0000000087e00000|100%| E|CS|TAMS 0x0000000087d00000, 0x0000000087d00000| Complete 

Card table byte_map: [0x000001dac75a0000,0x000001dac79a0000] _byte_map_base: 0x000001dac71a0000

Marking Bits (Prev, Next): (CMBitMap*) 0x000001dab43bf5a0, (CMBitMap*) 0x000001dab43bf568
 Prev Bits: [0x000001dac9da0000, 0x000001dacbda0000)
 Next Bits: [0x000001dac7da0000, 0x000001dac9da0000)

Polling page: 0x000001dab22e0000

Metaspace:

Usage:
  Non-class:     73.47 MB capacity,    72.15 MB ( 98%) used,     1.09 MB (  1%) free+waste,   234.25 KB ( <1%) overhead. 
      Class:     11.41 MB capacity,    10.69 MB ( 94%) used,   636.15 KB (  5%) free+waste,   104.94 KB ( <1%) overhead. 
       Both:     84.89 MB capacity,    82.84 MB ( 98%) used,     1.71 MB (  2%) free+waste,   339.19 KB ( <1%) overhead. 

Virtual space:
  Non-class space:       74.00 MB reserved,      73.75 MB (>99%) committed 
      Class space:        1.00 GB reserved,      11.57 MB (  1%) committed 
             Both:        1.07 GB reserved,      85.32 MB (  8%) committed 

Chunk freelists:
   Non-Class:  93.00 KB
       Class:  56.00 KB
        Both:  149.00 KB

MaxMetaspaceSize: 17179869184.00 GB
CompressedClassSpaceSize: 1.00 GB

CodeHeap 'non-profiled nmethods': size=120000Kb used=4454Kb max_used=4454Kb free=115545Kb
 bounds [0x000001dabf940000, 0x000001dabfda0000, 0x000001dac6e70000]
CodeHeap 'profiled nmethods': size=120000Kb used=20315Kb max_used=20315Kb free=99684Kb
 bounds [0x000001dab8410000, 0x000001dab97f0000, 0x000001dabf940000]
CodeHeap 'non-nmethods': size=5760Kb used=2288Kb max_used=2335Kb free=3472Kb
 bounds [0x000001dab7e70000, 0x000001dab80e0000, 0x000001dab8410000]
 total_blobs=10890 nmethods=10001 adapters=800
 compilation: enabled
              stopped_count=0, restarted_count=0
 full_count=0

Compilation events (20 events):
Event: 34.595 Thread 0x000001dace825800 10219       2       org.gradle.api.internal.provider.AbstractProperty$NonFinalizedValue::finalizeOnNextGet (6 bytes)
Event: 34.595 Thread 0x000001dace825800 nmethod 10219 0x000001dab97d9610 code [0x000001dab97d97c0, 0x000001dab97d98b8]
Event: 34.595 Thread 0x000001dace825800 10221       2       sun.nio.ch.SocketChannelImpl::ensureOpenAndConnected (32 bytes)
Event: 34.595 Thread 0x000001dace825800 nmethod 10221 0x000001dab97d9990 code [0x000001dab97d9b60, 0x000001dab97d9d78]
Event: 34.610 Thread 0x000001dace825800 10222       2       java.nio.MappedByteBuffer::flip (5 bytes)
Event: 34.610 Thread 0x000001dace825800 nmethod 10222 0x000001dab97d9e90 code [0x000001dab97da040, 0x000001dab97da158]
Event: 34.692 Thread 0x000001dace825800 10224       2       java.io.Writer::write (11 bytes)
Event: 34.692 Thread 0x000001dace825800 nmethod 10224 0x000001dab97da210 code [0x000001dab97da3c0, 0x000001dab97da508]
Event: 34.693 Thread 0x000001dace825800 10225       2       sun.nio.cs.UTF_8$Encoder::encodeArrayLoop (489 bytes)
Event: 34.697 Thread 0x000001dace825800 nmethod 10225 0x000001dab97da610 code [0x000001dab97daa60, 0x000001dab97dbe28]
Event: 34.697 Thread 0x000001dace825800 10226   !   2       java.io.BufferedWriter::write (55 bytes)
Event: 34.698 Thread 0x000001dace825800 nmethod 10226 0x000001dab97dcb10 code [0x000001dab97dcd00, 0x000001dab97dd0d8]
Event: 34.699 Thread 0x000001dace825800 10227 %     3       sun.nio.cs.UTF_8$Encoder::encodeArrayLoop @ 73 (489 bytes)
Event: 34.706 Thread 0x000001dace825800 nmethod 10227% 0x000001dab97dd390 code [0x000001dab97dd960, 0x000001dab97e0cc8]
Event: 34.707 Thread 0x000001dace825800 10229       3       sun.nio.cs.UTF_8$Encoder::encodeArrayLoop (489 bytes)
Event: 34.713 Thread 0x000001dace825800 nmethod 10229 0x000001dab97e1e10 code [0x000001dab97e2400, 0x000001dab97e57c8]
Event: 34.753 Thread 0x000001dace81b800 nmethod 10115 0x000001dabfd91390 code [0x000001dabfd91800, 0x000001dabfd95c98]
Event: 34.753 Thread 0x000001dace81b800 10223       4       java.lang.invoke.MethodType::makeImpl (108 bytes)
Event: 34.860 Thread 0x000001dace825800 10230       2       javax.management.ObjectName::<init> (15 bytes)
Event: 34.861 Thread 0x000001dace825800 nmethod 10230 0x000001dab97e6910 code [0x000001dab97e6ac0, 0x000001dab97e6bc8]

GC Heap History (20 events):
Event: 25.033 GC heap before
{Heap before GC invocations=15 (full 0):
 garbage-first heap   total 129024K, used 92994K [0x0000000080000000, 0x0000000100000000)
  region size 1024K, 47 young (48128K), 5 survivors (5120K)
 Metaspace       used 64626K, capacity 66184K, committed 66508K, reserved 1107968K
  class space    used 8226K, capacity 8793K, committed 8908K, reserved 1048576K
}
Event: 25.041 GC heap after
{Heap after GC invocations=16 (full 0):
 garbage-first heap   total 129024K, used 52749K [0x0000000080000000, 0x0000000100000000)
  region size 1024K, 4 young (4096K), 4 survivors (4096K)
 Metaspace       used 64626K, capacity 66184K, committed 66508K, reserved 1107968K
  class space    used 8226K, capacity 8793K, committed 8908K, reserved 1048576K
}
Event: 25.779 GC heap before
{Heap before GC invocations=16 (full 0):
 garbage-first heap   total 129024K, used 94733K [0x0000000080000000, 0x0000000100000000)
  region size 1024K, 45 young (46080K), 4 survivors (4096K)
 Metaspace       used 69431K, capacity 71066K, committed 71372K, reserved 1112064K
  class space    used 9010K, capacity 9617K, committed 9676K, reserved 1048576K
}
Event: 25.786 GC heap after
{Heap after GC invocations=17 (full 0):
 garbage-first heap   total 129024K, used 55425K [0x0000000080000000, 0x0000000100000000)
  region size 1024K, 3 young (3072K), 3 survivors (3072K)
 Metaspace       used 69431K, capacity 71066K, committed 71372K, reserved 1112064K
  class space    used 9010K, capacity 9617K, committed 9676K, reserved 1048576K
}
Event: 26.396 GC heap before
{Heap before GC invocations=17 (full 0):
 garbage-first heap   total 129024K, used 97409K [0x0000000080000000, 0x0000000100000000)
  region size 1024K, 44 young (45056K), 3 survivors (3072K)
 Metaspace       used 74644K, capacity 76375K, committed 76492K, reserved 1116160K
  class space    used 9742K, capacity 10369K, committed 10444K, reserved 1048576K
}
Event: 26.401 GC heap after
{Heap after GC invocations=18 (full 0):
 garbage-first heap   total 129024K, used 57670K [0x0000000080000000, 0x0000000100000000)
  region size 1024K, 5 young (5120K), 5 survivors (5120K)
 Metaspace       used 74644K, capacity 76375K, committed 76492K, reserved 1116160K
  class space    used 9742K, capacity 10369K, committed 10444K, reserved 1048576K
}
Event: 27.854 GC heap before
{Heap before GC invocations=18 (full 0):
 garbage-first heap   total 129024K, used 99654K [0x0000000080000000, 0x0000000100000000)
  region size 1024K, 46 young (47104K), 5 survivors (5120K)
 Metaspace       used 77810K, capacity 79675K, committed 79820K, reserved 1118208K
  class space    used 10175K, capacity 10866K, committed 10956K, reserved 1048576K
}
Event: 27.871 GC heap after
{Heap after GC invocations=19 (full 0):
 garbage-first heap   total 129024K, used 61097K [0x0000000080000000, 0x0000000100000000)
  region size 1024K, 6 young (6144K), 6 survivors (6144K)
 Metaspace       used 77810K, capacity 79675K, committed 79820K, reserved 1118208K
  class space    used 10175K, capacity 10866K, committed 10956K, reserved 1048576K
}
Event: 29.343 GC heap before
{Heap before GC invocations=19 (full 0):
 garbage-first heap   total 129024K, used 101033K [0x0000000080000000, 0x0000000100000000)
  region size 1024K, 46 young (47104K), 6 survivors (6144K)
 Metaspace       used 78965K, capacity 81117K, committed 81356K, reserved 1120256K
  class space    used 10338K, capacity 11107K, committed 11212K, reserved 1048576K
}
Event: 29.356 GC heap after
{Heap after GC invocations=20 (full 0):
 garbage-first heap   total 129024K, used 63837K [0x0000000080000000, 0x0000000100000000)
  region size 1024K, 4 young (4096K), 4 survivors (4096K)
 Metaspace       used 78965K, capacity 81117K, committed 81356K, reserved 1120256K
  class space    used 10338K, capacity 11107K, committed 11212K, reserved 1048576K
}
Event: 30.882 GC heap before
{Heap before GC invocations=20 (full 0):
 garbage-first heap   total 129024K, used 102749K [0x0000000080000000, 0x0000000100000000)
  region size 1024K, 43 young (44032K), 4 survivors (4096K)
 Metaspace       used 79640K, capacity 81818K, committed 81868K, reserved 1120256K
  class space    used 10386K, capacity 11196K, committed 11212K, reserved 1048576K
}
Event: 30.889 GC heap after
{Heap after GC invocations=21 (full 0):
 garbage-first heap   total 129024K, used 65932K [0x0000000080000000, 0x0000000100000000)
  region size 1024K, 6 young (6144K), 6 survivors (6144K)
 Metaspace       used 79640K, capacity 81818K, committed 81868K, reserved 1120256K
  class space    used 10386K, capacity 11196K, committed 11212K, reserved 1048576K
}
Event: 31.792 GC heap before
{Heap before GC invocations=22 (full 0):
 garbage-first heap   total 129024K, used 103820K [0x0000000080000000, 0x0000000100000000)
  region size 1024K, 44 young (45056K), 6 survivors (6144K)
 Metaspace       used 79889K, capacity 82020K, committed 82124K, reserved 1120256K
  class space    used 10402K, capacity 11187K, committed 11212K, reserved 1048576K
}
Event: 31.801 GC heap after
{Heap after GC invocations=23 (full 0):
 garbage-first heap   total 129024K, used 68395K [0x0000000080000000, 0x0000000100000000)
  region size 1024K, 5 young (5120K), 5 survivors (5120K)
 Metaspace       used 79889K, capacity 82020K, committed 82124K, reserved 1120256K
  class space    used 10402K, capacity 11187K, committed 11212K, reserved 1048576K
}
Event: 32.591 GC heap before
{Heap before GC invocations=23 (full 0):
 garbage-first heap   total 129024K, used 105259K [0x0000000080000000, 0x0000000100000000)
  region size 1024K, 42 young (43008K), 5 survivors (5120K)
 Metaspace       used 81680K, capacity 83831K, committed 83916K, reserved 1122304K
  class space    used 10596K, capacity 11386K, committed 11468K, reserved 1048576K
}
Event: 32.603 GC heap after
{Heap after GC invocations=24 (full 0):
 garbage-first heap   total 129024K, used 70038K [0x0000000080000000, 0x0000000100000000)
  region size 1024K, 5 young (5120K), 5 survivors (5120K)
 Metaspace       used 81680K, capacity 83831K, committed 83916K, reserved 1122304K
  class space    used 10596K, capacity 11386K, committed 11468K, reserved 1048576K
}
Event: 33.374 GC heap before
{Heap before GC invocations=25 (full 0):
 garbage-first heap   total 129024K, used 104854K [0x0000000080000000, 0x0000000100000000)
  region size 1024K, 40 young (40960K), 5 survivors (5120K)
 Metaspace       used 83976K, capacity 86044K, committed 86476K, reserved 1124352K
  class space    used 10865K, capacity 11629K, committed 11724K, reserved 1048576K
}
Event: 33.380 GC heap after
{Heap after GC invocations=26 (full 0):
 garbage-first heap   total 129024K, used 71116K [0x0000000080000000, 0x0000000100000000)
  region size 1024K, 3 young (3072K), 3 survivors (3072K)
 Metaspace       used 83976K, capacity 86044K, committed 86476K, reserved 1124352K
  class space    used 10865K, capacity 11629K, committed 11724K, reserved 1048576K
}
Event: 34.276 GC heap before
{Heap before GC invocations=26 (full 0):
 garbage-first heap   total 129024K, used 106956K [0x0000000080000000, 0x0000000100000000)
  region size 1024K, 39 young (39936K), 3 survivors (3072K)
 Metaspace       used 84654K, capacity 86766K, committed 87116K, reserved 1124352K
  class space    used 10928K, capacity 11678K, committed 11852K, reserved 1048576K
}
Event: 34.285 GC heap after
{Heap after GC invocations=27 (full 0):
 garbage-first heap   total 129024K, used 73955K [0x0000000080000000, 0x0000000100000000)
  region size 1024K, 5 young (5120K), 5 survivors (5120K)
 Metaspace       used 84654K, capacity 86766K, committed 87116K, reserved 1124352K
  class space    used 10928K, capacity 11678K, committed 11852K, reserved 1048576K
}

Deoptimization events (20 events):
Event: 32.245 Thread 0x000001dad1f9d000 DEOPT PACKING pc=0x000001dab8f4ce7c sp=0x0000002bff5fdd70
Event: 32.245 Thread 0x000001dad1f9d000 DEOPT UNPACKING pc=0x000001dab7e976ce sp=0x0000002bff5fd310 mode 0
Event: 32.259 Thread 0x000001dad1f9b000 DEOPT PACKING pc=0x000001dab926153a sp=0x0000002bff1fbdc0
Event: 32.259 Thread 0x000001dad1f9b000 DEOPT UNPACKING pc=0x000001dab7e976ce sp=0x0000002bff1fb308 mode 0
Event: 32.798 Thread 0x000001dad3500800 DEOPT PACKING pc=0x000001dab96f6e9f sp=0x0000002bfe2fdb30
Event: 32.798 Thread 0x000001dad3500800 DEOPT UNPACKING pc=0x000001dab7e976ce sp=0x0000002bfe2fd048 mode 0
Event: 33.536 Thread 0x000001dad1f9d000 DEOPT PACKING pc=0x000001dab91e1d7e sp=0x0000002bff5fd0d0
Event: 33.536 Thread 0x000001dad1f9d000 DEOPT UNPACKING pc=0x000001dab7e976ce sp=0x0000002bff5fc5e8 mode 0
Event: 33.715 Thread 0x000001dad34f8800 DEOPT PACKING pc=0x000001dab96e1411 sp=0x0000002bfdefb040
Event: 33.715 Thread 0x000001dad34f8800 DEOPT UNPACKING pc=0x000001dab7e976ce sp=0x0000002bfdefa578 mode 0
Event: 34.164 Thread 0x000001dad1f9b000 DEOPT PACKING pc=0x000001dab94e4476 sp=0x0000002bff1fb850
Event: 34.164 Thread 0x000001dad1f9b000 DEOPT UNPACKING pc=0x000001dab7e976ce sp=0x0000002bff1fad70 mode 0
Event: 34.474 Thread 0x000001dad1f9b000 DEOPT PACKING pc=0x000001dab94e4455 sp=0x0000002bff1fc590
Event: 34.474 Thread 0x000001dad1f9b000 DEOPT UNPACKING pc=0x000001dab7e976ce sp=0x0000002bff1fbab0 mode 0
Event: 34.692 Thread 0x000001dad1f9d000 Uncommon trap: trap_request=0xffffff4d fr.pc=0x000001dabf9f6b1c relative=0x000000000000043c
Event: 34.692 Thread 0x000001dad1f9d000 Uncommon trap: reason=unstable_if action=reinterpret pc=0x000001dabf9f6b1c method=sun.nio.cs.UTF_8$Encoder.encodeArrayLoop(Ljava/nio/CharBuffer;Ljava/nio/ByteBuffer;)Ljava/nio/charset/CoderResult; @ 113 c2
Event: 34.692 Thread 0x000001dad1f9d000 DEOPT PACKING pc=0x000001dabf9f6b1c sp=0x0000002bff5fd920
Event: 34.692 Thread 0x000001dad1f9d000 DEOPT UNPACKING pc=0x000001dab7e978af sp=0x0000002bff5fd888 mode 2
Event: 34.707 Thread 0x000001dad1f9d000 DEOPT PACKING pc=0x000001dab97db800 sp=0x0000002bff5fd810
Event: 34.707 Thread 0x000001dad1f9d000 DEOPT UNPACKING pc=0x000001dab7e976ce sp=0x0000002bff5fcd88 mode 0

Classes redefined (0 events):
No events

Internal exceptions (20 events):
Event: 28.376 Thread 0x000001dad34f8800 Exception <a 'java/lang/NoSuchMethodError'{0x000000008733d8d8}: 'int java.lang.invoke.DirectMethodHandle$Holder.invokeStaticInit(java.lang.Object, java.lang.Object, java.lang.Object, java.lang.Object, java.lang.Object)'> (0x000000008733d8d8) thrown at [./src/hotspot/share/interpreter/linkResolver.cpp, line 773]
Event: 29.057 Thread 0x000001dad3501000 Exception <a 'java/lang/NoSuchMethodError'{0x0000000085bc3450}: 'void java.lang.invoke.DirectMethodHandle$Holder.invokeVirtual(java.lang.Object, java.lang.Object)'> (0x0000000085bc3450) thrown at [./src/hotspot/share/interpreter/linkResolver.cpp, line 773]
Event: 29.057 Thread 0x000001dad3502000 Exception <a 'java/lang/NoSuchMethodError'{0x0000000085a12110}: 'void java.lang.invoke.DirectMethodHandle$Holder.invokeVirtual(java.lang.Object, java.lang.Object)'> (0x0000000085a12110) thrown at [./src/hotspot/share/interpreter/linkResolver.cpp, line 773]
Event: 30.137 Thread 0x000001dad1fa0000 Exception <a 'java/lang/IncompatibleClassChangeError'{0x0000000087246900}: Found class java.lang.Object, but interface was expected> (0x0000000087246900) thrown at [./src/hotspot/share/interpreter/linkResolver.cpp, line 839]
Event: 32.007 Thread 0x000001dad1fa1000 Exception <a 'java/lang/NoSuchMethodError'{0x000000008780ec88}: <clinit>> (0x000000008780ec88) thrown at [./src/hotspot/share/prims/jni.cpp, line 1362]
Event: 32.007 Thread 0x000001dad1fa1000 Exception <a 'java/lang/NoSuchMethodError'{0x000000008780ffc0}: <clinit>> (0x000000008780ffc0) thrown at [./src/hotspot/share/prims/jni.cpp, line 1362]
Event: 32.008 Thread 0x000001dad1fa1000 Exception <a 'java/lang/NoSuchMethodError'{0x0000000087812720}: <clinit>> (0x0000000087812720) thrown at [./src/hotspot/share/prims/jni.cpp, line 1362]
Event: 32.012 Thread 0x000001dad1fa1000 Exception <a 'java/lang/NoSuchMethodError'{0x000000008782c040}: <clinit>> (0x000000008782c040) thrown at [./src/hotspot/share/prims/jni.cpp, line 1362]
Event: 32.012 Thread 0x000001dad1fa1000 Exception <a 'java/lang/NoSuchMethodError'{0x000000008782d520}: <clinit>> (0x000000008782d520) thrown at [./src/hotspot/share/prims/jni.cpp, line 1362]
Event: 32.204 Thread 0x000001dad1fa1000 Exception <a 'java/lang/NoSuchMethodError'{0x0000000087328c40}: <clinit>> (0x0000000087328c40) thrown at [./src/hotspot/share/prims/jni.cpp, line 1362]
Event: 32.212 Thread 0x000001dad1fa1000 Exception <a 'java/lang/NoSuchMethodError'{0x000000008735f8e0}: <clinit>> (0x000000008735f8e0) thrown at [./src/hotspot/share/prims/jni.cpp, line 1362]
Event: 32.219 Thread 0x000001dad1fa1000 Exception <a 'java/lang/NoSuchMethodError'{0x0000000087391fe8}: <clinit>> (0x0000000087391fe8) thrown at [./src/hotspot/share/prims/jni.cpp, line 1362]
Event: 32.221 Thread 0x000001dad1fa1000 Exception <a 'java/lang/NoSuchMethodError'{0x00000000873a4dc8}: <clinit>> (0x00000000873a4dc8) thrown at [./src/hotspot/share/prims/jni.cpp, line 1362]
Event: 33.651 Thread 0x000001dad1f9b000 Exception <a 'java/lang/NoSuchMethodError'{0x0000000087515410}: 'int java.lang.invoke.DirectMethodHandle$Holder.invokeSpecial(java.lang.Object, java.lang.Object, java.lang.Object, java.lang.Object, java.lang.Object)'> (0x0000000087515410) thrown at [./src/hotspot/share/interpreter/linkResolver.cpp, line 773]
Event: 33.741 Thread 0x000001dad1f9d000 Exception <a 'java/lang/NoSuchMethodError'{0x00000000876ca628}: 'void java.lang.invoke.DirectMethodHandle$Holder.invokeStatic(java.lang.Object, long)'> (0x00000000876ca628) thrown at [./src/hotspot/share/interpreter/linkResolver.cpp, line 773]
Event: 33.742 Thread 0x000001dad1f9d000 Exception <a 'java/lang/NoSuchMethodError'{0x00000000876cf840}: 'java.lang.Object java.lang.invoke.DirectMethodHandle$Holder.invokeStatic(java.lang.Object, long)'> (0x00000000876cf840) thrown at [./src/hotspot/share/interpreter/linkResolver.cpp, line 773]
Event: 33.745 Thread 0x000001dad1f9d000 Exception <a 'java/lang/NoSuchMethodError'{0x00000000876ddba8}: 'java.lang.Object java.lang.invoke.DirectMethodHandle$Holder.invokeStaticInit(java.lang.Object, java.lang.Object, long, java.lang.Object)'> (0x00000000876ddba8) thrown at [./src/hotspot/share/interpreter/linkResolver.cpp, line 773]
Event: 33.745 Thread 0x000001dad1f9d000 Exception <a 'java/lang/NoSuchMethodError'{0x000000008710d7c0}: 'java.lang.Object java.lang.invoke.DirectMethodHandle$Holder.invokeStatic(java.lang.Object, java.lang.Object, long)'> (0x000000008710d7c0) thrown at [./src/hotspot/share/interpreter/linkResolver.cpp, line 773]
Event: 33.746 Thread 0x000001dad1f9d000 Exception <a 'java/lang/NoSuchMethodError'{0x0000000087113d38}: 'java.lang.Object java.lang.invoke.Invokers$Holder.linkToTargetMethod(java.lang.Object, long, java.lang.Object)'> (0x0000000087113d38) thrown at [./src/hotspot/share/interpreter/linkResolver.cpp, line 773]
Event: 34.690 Thread 0x000001dad1f9d000 Exception <a 'java/lang/NoSuchMethodError'{0x0000000086d8b2a8}: 'int java.lang.invoke.DirectMethodHandle$Holder.invokeSpecialIFC(java.lang.Object, java.lang.Object, java.lang.Object)'> (0x0000000086d8b2a8) thrown at [./src/hotspot/share/interpreter/linkResolver.cpp, line 773]

Events (20 events):
Event: 34.675 loading class com/google/common/collect/Iterables$4
Event: 34.675 loading class com/google/common/collect/Iterables$4 done
Event: 34.676 loading class com/google/common/collect/FluentIterable
Event: 34.676 loading class com/google/common/collect/FluentIterable done
Event: 34.678 loading class com/google/common/collect/FluentIterable$2
Event: 34.678 loading class com/google/common/collect/FluentIterable$2 done
Event: 34.679 loading class com/google/common/collect/FluentIterable$1
Event: 34.679 loading class com/google/common/collect/FluentIterable$1 done
Event: 34.680 loading class com/google/common/collect/FluentIterable$3
Event: 34.680 loading class com/google/common/collect/FluentIterable$3 done
Event: 34.682 loading class com/google/common/base/Optional
Event: 34.682 loading class com/google/common/base/Optional done
Event: 34.684 loading class com/google/common/base/Present
Event: 34.684 loading class com/google/common/base/Present done
Event: 34.685 loading class com/google/common/base/Absent
Event: 34.685 loading class com/google/common/base/Absent done
Event: 34.687 loading class com/google/common/collect/AbstractIterator$State
Event: 34.687 loading class com/google/common/collect/AbstractIterator$State done
Event: 34.689 loading class com/google/common/collect/AbstractIterator$1
Event: 34.689 loading class com/google/common/collect/AbstractIterator$1 done


Dynamic libraries:
0x00007ff78f080000 - 0x00007ff78f08a000 	D:\software\Android Studio\jre\bin\java.exe
0x00007ffcfc4b0000 - 0x00007ffcfc6a5000 	C:\WINDOWS\SYSTEM32\ntdll.dll
0x00007ffcfbd10000 - 0x00007ffcfbdce000 	C:\WINDOWS\System32\KERNEL32.DLL
0x00007ffcf9e50000 - 0x00007ffcfa118000 	C:\WINDOWS\System32\KERNELBASE.dll
0x00007ffcfa120000 - 0x00007ffcfa220000 	C:\WINDOWS\System32\ucrtbase.dll
0x00007ffce5960000 - 0x00007ffce5979000 	D:\software\Android Studio\jre\bin\jli.dll
0x00007ffcfbb60000 - 0x00007ffcfbd01000 	C:\WINDOWS\System32\USER32.dll
0x00007ffcf9e20000 - 0x00007ffcf9e42000 	C:\WINDOWS\System32\win32u.dll
0x00007ffcdd560000 - 0x00007ffcdd7fa000 	C:\WINDOWS\WinSxS\amd64_microsoft.windows.common-controls_6595b64144ccf1df_6.0.19041.1110_none_60b5254171f9507e\COMCTL32.dll
0x00007ffcfb1a0000 - 0x00007ffcfb1cb000 	C:\WINDOWS\System32\GDI32.dll
0x00007ffcfa3e0000 - 0x00007ffcfa4ed000 	C:\WINDOWS\System32\gdi32full.dll
0x00007ffcf9d80000 - 0x00007ffcf9e1d000 	C:\WINDOWS\System32\msvcp_win.dll
0x00007ffce57e0000 - 0x00007ffce57f7000 	D:\software\Android Studio\jre\bin\VCRUNTIME140.dll
0x00007ffcfad80000 - 0x00007ffcfae1e000 	C:\WINDOWS\System32\msvcrt.dll
0x00007ffcfbe80000 - 0x00007ffcfbeb0000 	C:\WINDOWS\System32\IMM32.DLL
0x00007ffcbc570000 - 0x00007ffcbc60d000 	D:\software\Android Studio\jre\bin\msvcp140.dll
0x00007ffca3850000 - 0x00007ffca431f000 	D:\software\Android Studio\jre\bin\server\jvm.dll
0x00007ffcfc270000 - 0x00007ffcfc31c000 	C:\WINDOWS\System32\ADVAPI32.dll
0x00007ffcfbdd0000 - 0x00007ffcfbe6b000 	C:\WINDOWS\System32\sechost.dll
0x00007ffcfaf00000 - 0x00007ffcfb02a000 	C:\WINDOWS\System32\RPCRT4.dll
0x00007ffcfb050000 - 0x00007ffcfb058000 	C:\WINDOWS\System32\PSAPI.DLL
0x00007ffceebe0000 - 0x00007ffceebea000 	C:\WINDOWS\SYSTEM32\VERSION.dll
0x00007ffce3460000 - 0x00007ffce3487000 	C:\WINDOWS\SYSTEM32\WINMM.dll
0x00007ffcf07f0000 - 0x00007ffcf07f9000 	C:\WINDOWS\SYSTEM32\WSOCK32.dll
0x00007ffcfb130000 - 0x00007ffcfb19b000 	C:\WINDOWS\System32\ws2_32.DLL
0x00007ffcf8490000 - 0x00007ffcf84a2000 	C:\WINDOWS\SYSTEM32\kernel.appcore.dll
0x00007ffced6b0000 - 0x00007ffced6c1000 	D:\software\Android Studio\jre\bin\verify.dll
0x00007ffcf4960000 - 0x00007ffcf4b44000 	C:\WINDOWS\SYSTEM32\DBGHELP.DLL
0x00007ffcdfbb0000 - 0x00007ffcdfbdc000 	C:\WINDOWS\SYSTEM32\dbgcore.DLL
0x00007ffcfa350000 - 0x00007ffcfa3d2000 	C:\WINDOWS\System32\bcryptPrimitives.dll
0x00007ffce5900000 - 0x00007ffce5929000 	D:\software\Android Studio\jre\bin\java.dll
0x00007ffcf07e0000 - 0x00007ffcf07eb000 	D:\software\Android Studio\jre\bin\jimage.dll
0x00007ffce9520000 - 0x00007ffce9538000 	D:\software\Android Studio\jre\bin\zip.dll
0x00007ffcfb260000 - 0x00007ffcfb9a4000 	C:\WINDOWS\System32\SHELL32.dll
0x00007ffcf4b50000 - 0x00007ffcf52e4000 	C:\WINDOWS\SYSTEM32\windows.storage.dll
0x00007ffcfbeb0000 - 0x00007ffcfc205000 	C:\WINDOWS\System32\combase.dll
0x00007ffcf9610000 - 0x00007ffcf963e000 	C:\WINDOWS\SYSTEM32\Wldp.dll
0x00007ffcfa550000 - 0x00007ffcfa5fd000 	C:\WINDOWS\System32\SHCORE.dll
0x00007ffcfa4f0000 - 0x00007ffcfa545000 	C:\WINDOWS\System32\shlwapi.dll
0x00007ffcf9b00000 - 0x00007ffcf9b1f000 	C:\WINDOWS\SYSTEM32\profapi.dll
0x00007ffce64f0000 - 0x00007ffce650a000 	D:\software\Android Studio\jre\bin\net.dll
0x00007ffce4f40000 - 0x00007ffce504c000 	C:\WINDOWS\SYSTEM32\WINHTTP.dll
0x00007ffcf9370000 - 0x00007ffcf93da000 	C:\WINDOWS\system32\mswsock.dll
0x00007ffce5c90000 - 0x00007ffce5ca4000 	D:\software\Android Studio\jre\bin\nio.dll
0x00007ffced940000 - 0x00007ffced967000 	C:\Users\18372\.gradle\wrapper\dists\native\8bec1ad78214c89d9ad589b4d07fe93259594b29d510b10fafb7a158f7737e5d\windows-amd64\native-platform.dll
0x00007ffcc0550000 - 0x00007ffcc068d000 	C:\Users\18372\.gradle\wrapper\dists\native\53dbd7edfb1c66fb8903c78663c9afc45aea4f116125fa6feffd364cf09443e8\windows-amd64\native-platform-file-events.dll
0x00007ffcee130000 - 0x00007ffcee13a000 	D:\software\Android Studio\jre\bin\management.dll
0x00007ffcedf50000 - 0x00007ffcedf5c000 	D:\software\Android Studio\jre\bin\management_ext.dll
0x00007ffcf9560000 - 0x00007ffcf9578000 	C:\WINDOWS\SYSTEM32\CRYPTSP.dll
0x00007ffcf8c70000 - 0x00007ffcf8ca4000 	C:\WINDOWS\system32\rsaenh.dll
0x00007ffcfa320000 - 0x00007ffcfa347000 	C:\WINDOWS\System32\bcrypt.dll
0x00007ffcf9ac0000 - 0x00007ffcf9aee000 	C:\WINDOWS\SYSTEM32\USERENV.dll
0x00007ffcf9580000 - 0x00007ffcf958c000 	C:\WINDOWS\SYSTEM32\CRYPTBASE.dll
0x00007ffcf9010000 - 0x00007ffcf904b000 	C:\WINDOWS\SYSTEM32\IPHLPAPI.DLL
0x00007ffcfbe70000 - 0x00007ffcfbe78000 	C:\WINDOWS\System32\NSI.dll
0x00007ffceb1e0000 - 0x00007ffceb1f7000 	C:\WINDOWS\SYSTEM32\dhcpcsvc6.DLL
0x00007ffcec460000 - 0x00007ffcec47d000 	C:\WINDOWS\SYSTEM32\dhcpcsvc.DLL
0x00007ffcf9050000 - 0x00007ffcf911b000 	C:\WINDOWS\SYSTEM32\DNSAPI.dll

dbghelp: loaded successfully - version: 4.0.5 - missing functions: none
symbol engine: initialized successfully - sym options: 0x614 - pdb path: .;D:\software\Android Studio\jre\bin;C:\WINDOWS\SYSTEM32;C:\WINDOWS\WinSxS\amd64_microsoft.windows.common-controls_6595b64144ccf1df_6.0.19041.1110_none_60b5254171f9507e;D:\software\Android Studio\jre\bin\server;C:\Users\18372\.gradle\wrapper\dists\native\8bec1ad78214c89d9ad589b4d07fe93259594b29d510b10fafb7a158f7737e5d\windows-amd64;C:\Users\18372\.gradle\wrapper\dists\native\53dbd7edfb1c66fb8903c78663c9afc45aea4f116125fa6feffd364cf09443e8\windows-amd64

VM Arguments:
jvm_args: --add-opens=java.base/java.util=ALL-UNNAMED --add-opens=java.base/java.lang=ALL-UNNAMED --add-opens=java.base/java.lang.invoke=ALL-UNNAMED --add-opens=java.base/java.util=ALL-UNNAMED --add-opens=java.prefs/java.util.prefs=ALL-UNNAMED --add-opens=java.prefs/java.util.prefs=ALL-UNNAMED --add-opens=java.base/java.nio.charset=ALL-UNNAMED --add-opens=java.base/java.net=ALL-UNNAMED --add-opens=java.base/java.util.concurrent.atomic=ALL-UNNAMED -Xmx2048m -Dfile.encoding=UTF-8 -Duser.country=CN -Duser.language=zh -Duser.variant 
java_command: org.gradle.launcher.daemon.bootstrap.GradleDaemon 7.0.2
java_class_path (initial): C:\Users\18372\.gradle\wrapper\dists\wrapper\dists\gradle-7.0.2-bin\857tjihv64xamwrf0h14cai3r\gradle-7.0.2\lib\gradle-launcher-7.0.2.jar
Launcher Type: SUN_STANDARD

[Global flags]
     intx CICompilerCount                          = 4                                         {product} {ergonomic}
     uint ConcGCThreads                            = 2                                         {product} {ergonomic}
     uint G1ConcRefinementThreads                  = 8                                         {product} {ergonomic}
   size_t G1HeapRegionSize                         = 1048576                                   {product} {ergonomic}
    uintx GCDrainStackTargetSize                   = 64                                        {product} {ergonomic}
   size_t InitialHeapSize                          = 132120576                                 {product} {ergonomic}
   size_t MarkStackSize                            = 4194304                                   {product} {ergonomic}
   size_t MaxHeapSize                              = 2147483648                                {product} {command line}
   size_t MaxNewSize                               = 1287651328                                {product} {ergonomic}
   size_t MinHeapDeltaBytes                        = 1048576                                   {product} {ergonomic}
    uintx NonNMethodCodeHeapSize                   = 5836300                                {pd product} {ergonomic}
    uintx NonProfiledCodeHeapSize                  = 122910970                              {pd product} {ergonomic}
    uintx ProfiledCodeHeapSize                     = 122910970                              {pd product} {ergonomic}
    uintx ReservedCodeCacheSize                    = 251658240                              {pd product} {ergonomic}
     bool SegmentedCodeCache                       = true                                      {product} {ergonomic}
     bool UseCompressedClassPointers               = true                                 {lp64_product} {ergonomic}
     bool UseCompressedOops                        = true                                 {lp64_product} {ergonomic}
     bool UseG1GC                                  = true                                      {product} {ergonomic}
     bool UseLargePagesIndividualAllocation        = false                                  {pd product} {ergonomic}

Logging:
Log output configuration:
 #0: stdout all=warning uptime,level,tags
 #1: stderr all=off uptime,level,tags

Environment Variables:
JAVA_HOME=D:\software\JDK-17
PATH=C:\Program Files\Common Files\Oracle\Java\javapath;C:\Windows\system32;C:\Windows;C:\Windows\System32\Wbem;C:\Windows\System32\WindowsPowerShell\v1.0\;C:\Windows\System32\OpenSSH\;C:\Program Files (x86)\NVIDIA Corporation\PhysX\Common;C:\WINDOWS\system32;C:\WINDOWS;C:\WINDOWS\System32\Wbem;C:\WINDOWS\System32\WindowsPowerShell\v1.0\;C:\WINDOWS\System32\OpenSSH\;D:\software\bind9\bin;D:\software\JDK-17\bin;D:\software\Node.js\;D:\software\Git\cmd;C:\Program Files\NVIDIA Corporation\NVIDIA NvDLISR;C:\Users\18372\AppData\Local\activestate\cache\bin;C:\Users\18372\AppData\Local\ActiveState\StateTool\release;D:\Python\Scripts\;D:\Python\;C:\Users\18372\AppData\Local\Microsoft\WindowsApps;D:\software\Microsoft VS Code\bin;D:\software\DevEco Studio 2.2.0.400\bin;;D:\software\IDEA\IntelliJ IDEA Community Edition 2021.2.2\bin;;C:\Users\18372\AppData\Roaming\npm;
USERNAME=18372
OS=Windows_NT
PROCESSOR_IDENTIFIER=Intel64 Family 6 Model 142 Stepping 11, GenuineIntel



---------------  S Y S T E M  ---------------

OS: Windows 10 , 64 bit Build 19041 (10.0.19041.1348)
OS uptime: 6 days 0:35 hours

CPU:total 8 (initial active 8) (4 cores per cpu, 2 threads per core) family 6 model 142 stepping 11 microcode 0xb8, cmov, cx8, fxsr, mmx, sse, sse2, sse3, ssse3, sse4.1, sse4.2, popcnt, avx, avx2, aes, clmul, erms, 3dnowpref, lzcnt, ht, tsc, tscinvbit, bmi1, bmi2, adx, fma

Memory: 4k page, system-wide physical 8043M (65M free)
TotalPageFile size 18372M (AvailPageFile size 0M)
current process WorkingSet (physical memory assigned to process): 359M, peak: 361M
current process commit charge ("private bytes"): 399M, peak: 401M

vm_info: OpenJDK 64-Bit Server VM (11.0.10+0-b96-7249189) for windows-amd64 JRE (11.0.10+0-b96-7249189), built on Mar 31 2021 21:44:00 by "builder" with MS VC++ 14.0 (VS2015)

END.
